<?xml version="1.0" encoding="UTF-8"?>
<!-- Generated by org.testng.reporters.JUnitReportReporter -->
<testsuite hostname="DESKTOP-52RJ0DB" failures="0" tests="27" name="callingAutomationExercise.CallingAutoExercise" time="28.289" errors="2" timestamp="2024-02-09T23:21:54 IST" skipped="25">
  <testcase classname="callingAutomationExercise.CallingAutoExercise" name="verifyRegisterUserTC1" time="28.232">
    <error message="unknown error: cannot determine loading status
from disconnected: unable to send message to renderer
  (Session info: chrome=121.0.6167.141)
Build info: version: &#039;4.16.1&#039;, revision: &#039;9b4c83354e&#039;
System info: os.name: &#039;Windows 11&#039;, os.arch: &#039;amd64&#039;, os.version: &#039;10.0&#039;, java.version: &#039;17.0.8.1&#039;
Driver info: org.openqa.selenium.chrome.ChromeDriver
Command: [959fb6a9098f8988cd89cc777c79aaee, clickElement {id=CF1702C575AB7FFA16DED5CA3F051AC4_element_137}]
Capabilities {acceptInsecureCerts: false, browserName: chrome, browserVersion: 121.0.6167.141, chrome: {chromedriverVersion: 121.0.6167.85 (3f98d690ad7e..., userDataDir: C:\Users\hp\AppData\Local\T...}, fedcm:accounts: true, goog:chromeOptions: {debuggerAddress: localhost:61995}, networkConnectionEnabled: false, pageLoadStrategy: normal, platformName: windows, proxy: Proxy(), se:cdp: ws://localhost:61995/devtoo..., se:cdpVersion: 121.0.6167.141, setWindowRect: true, strictFileInteractability: false, timeouts: {implicit: 0, pageLoad: 300000, script: 30000}, unhandledPromptBehavior: dismiss and notify, webauthn:extension:credBlob: true, webauthn:extension:largeBlob: true, webauthn:extension:minPinLength: true, webauthn:extension:prf: true, webauthn:virtualAuthenticators: true}
Element: [[ChromeDriver: chrome on windows (959fb6a9098f8988cd89cc777c79aaee)] -&gt; xpath: //a[@data-qa=&#039;continue-button&#039;]]
Session ID: 959fb6a9098f8988cd89cc777c79aaee" type="org.openqa.selenium.WebDriverException">
      <![CDATA[org.openqa.selenium.WebDriverException: unknown error: cannot determine loading status
from disconnected: unable to send message to renderer
  (Session info: chrome=121.0.6167.141)
Build info: version: '4.16.1', revision: '9b4c83354e'
System info: os.name: 'Windows 11', os.arch: 'amd64', os.version: '10.0', java.version: '17.0.8.1'
Driver info: org.openqa.selenium.chrome.ChromeDriver
Command: [959fb6a9098f8988cd89cc777c79aaee, clickElement {id=CF1702C575AB7FFA16DED5CA3F051AC4_element_137}]
Capabilities {acceptInsecureCerts: false, browserName: chrome, browserVersion: 121.0.6167.141, chrome: {chromedriverVersion: 121.0.6167.85 (3f98d690ad7e..., userDataDir: C:\Users\hp\AppData\Local\T...}, fedcm:accounts: true, goog:chromeOptions: {debuggerAddress: localhost:61995}, networkConnectionEnabled: false, pageLoadStrategy: normal, platformName: windows, proxy: Proxy(), se:cdp: ws://localhost:61995/devtoo..., se:cdpVersion: 121.0.6167.141, setWindowRect: true, strictFileInteractability: false, timeouts: {implicit: 0, pageLoad: 300000, script: 30000}, unhandledPromptBehavior: dismiss and notify, webauthn:extension:credBlob: true, webauthn:extension:largeBlob: true, webauthn:extension:minPinLength: true, webauthn:extension:prf: true, webauthn:virtualAuthenticators: true}
Element: [[ChromeDriver: chrome on windows (959fb6a9098f8988cd89cc777c79aaee)] -> xpath: //a[@data-qa='continue-button']]
Session ID: 959fb6a9098f8988cd89cc777c79aaee
at java.base/jdk.internal.reflect.NativeConstructorAccessorImpl.newInstance0(Native Method)
at java.base/jdk.internal.reflect.NativeConstructorAccessorImpl.newInstance(NativeConstructorAccessorImpl.java:77)
at java.base/jdk.internal.reflect.DelegatingConstructorAccessorImpl.newInstance(DelegatingConstructorAccessorImpl.java:45)
at java.base/java.lang.reflect.Constructor.newInstanceWithCaller(Constructor.java:499)
at java.base/java.lang.reflect.Constructor.newInstance(Constructor.java:480)
at org.openqa.selenium.remote.codec.w3c.W3CHttpResponseCodec.createException(W3CHttpResponseCodec.java:200)
at org.openqa.selenium.remote.codec.w3c.W3CHttpResponseCodec.decode(W3CHttpResponseCodec.java:133)
at org.openqa.selenium.remote.codec.w3c.W3CHttpResponseCodec.decode(W3CHttpResponseCodec.java:52)
at org.openqa.selenium.remote.HttpCommandExecutor.execute(HttpCommandExecutor.java:191)
at org.openqa.selenium.remote.service.DriverCommandExecutor.invokeExecute(DriverCommandExecutor.java:200)
at org.openqa.selenium.remote.service.DriverCommandExecutor.execute(DriverCommandExecutor.java:175)
at org.openqa.selenium.remote.RemoteWebDriver.execute(RemoteWebDriver.java:523)
at org.openqa.selenium.remote.RemoteWebElement.execute(RemoteWebElement.java:224)
at org.openqa.selenium.remote.RemoteWebElement.click(RemoteWebElement.java:77)
at java.base/jdk.internal.reflect.NativeMethodAccessorImpl.invoke0(Native Method)
at java.base/jdk.internal.reflect.NativeMethodAccessorImpl.invoke(NativeMethodAccessorImpl.java:77)
at java.base/jdk.internal.reflect.DelegatingMethodAccessorImpl.invoke(DelegatingMethodAccessorImpl.java:43)
at java.base/java.lang.reflect.Method.invoke(Method.java:568)
at org.openqa.selenium.support.pagefactory.internal.LocatingElementHandler.invoke(LocatingElementHandler.java:51)
at jdk.proxy2/jdk.proxy2.$Proxy14.click(Unknown Source)
at regUser_Project2.RegisterUser.clickContinueButton(RegisterUser.java:177)
at callingAutomationExercise.CallingAutoExercise.verifyRegisterUserTC1(CallingAutoExercise.java:92)
at java.base/jdk.internal.reflect.NativeMethodAccessorImpl.invoke0(Native Method)
at java.base/jdk.internal.reflect.NativeMethodAccessorImpl.invoke(NativeMethodAccessorImpl.java:77)
at java.base/jdk.internal.reflect.DelegatingMethodAccessorImpl.invoke(DelegatingMethodAccessorImpl.java:43)
at java.base/java.lang.reflect.Method.invoke(Method.java:568)
at org.testng.internal.invokers.MethodInvocationHelper.invokeMethod(MethodInvocationHelper.java:139)
at org.testng.internal.invokers.TestInvoker.invokeMethod(TestInvoker.java:664)
at org.testng.internal.invokers.TestInvoker.invokeTestMethod(TestInvoker.java:227)
at org.testng.internal.invokers.MethodRunner.runInSequence(MethodRunner.java:50)
at org.testng.internal.invokers.TestInvoker$MethodInvocationAgent.invoke(TestInvoker.java:957)
at org.testng.internal.invokers.TestInvoker.invokeTestMethods(TestInvoker.java:200)
at org.testng.internal.invokers.TestMethodWorker.invokeTestMethods(TestMethodWorker.java:148)
at org.testng.internal.invokers.TestMethodWorker.run(TestMethodWorker.java:128)
at java.base/java.util.ArrayList.forEach(ArrayList.java:1511)
at org.testng.TestRunner.privateRun(TestRunner.java:848)
at org.testng.TestRunner.run(TestRunner.java:621)
at org.testng.SuiteRunner.runTest(SuiteRunner.java:443)
at org.testng.SuiteRunner.runSequentially(SuiteRunner.java:437)
at org.testng.SuiteRunner.privateRun(SuiteRunner.java:397)
at org.testng.SuiteRunner.run(SuiteRunner.java:336)
at org.testng.SuiteRunnerWorker.runSuite(SuiteRunnerWorker.java:52)
at org.testng.SuiteRunnerWorker.run(SuiteRunnerWorker.java:95)
at org.testng.TestNG.runSuitesSequentially(TestNG.java:1280)
at org.testng.TestNG.runSuitesLocally(TestNG.java:1200)
at org.testng.TestNG.runSuites(TestNG.java:1114)
at org.testng.TestNG.run(TestNG.java:1082)
at org.testng.remote.AbstractRemoteTestNG.run(AbstractRemoteTestNG.java:115)
at org.testng.remote.RemoteTestNG.initAndRun(RemoteTestNG.java:251)
at org.testng.remote.RemoteTestNG.main(RemoteTestNG.java:77)
]]>
    </error>
  </testcase> <!-- verifyRegisterUserTC1 -->
  <testcase classname="callingAutomationExercise.CallingAutoExercise" name="verifyAutomationExerciseWebPage" time="0.051">
    <error message="disconnected: not connected to DevTools
  (failed to check if window was closed: disconnected: not connected to DevTools)
  (Session info: chrome=121.0.6167.141)
Build info: version: &#039;4.16.1&#039;, revision: &#039;9b4c83354e&#039;
System info: os.name: &#039;Windows 11&#039;, os.arch: &#039;amd64&#039;, os.version: &#039;10.0&#039;, java.version: &#039;17.0.8.1&#039;
Driver info: org.openqa.selenium.chrome.ChromeDriver
Command: [959fb6a9098f8988cd89cc777c79aaee, getTitle {}]
Capabilities {acceptInsecureCerts: false, browserName: chrome, browserVersion: 121.0.6167.141, chrome: {chromedriverVersion: 121.0.6167.85 (3f98d690ad7e..., userDataDir: C:\Users\hp\AppData\Local\T...}, fedcm:accounts: true, goog:chromeOptions: {debuggerAddress: localhost:61995}, networkConnectionEnabled: false, pageLoadStrategy: normal, platformName: windows, proxy: Proxy(), se:cdp: ws://localhost:61995/devtoo..., se:cdpVersion: 121.0.6167.141, setWindowRect: true, strictFileInteractability: false, timeouts: {implicit: 0, pageLoad: 300000, script: 30000}, unhandledPromptBehavior: dismiss and notify, webauthn:extension:credBlob: true, webauthn:extension:largeBlob: true, webauthn:extension:minPinLength: true, webauthn:extension:prf: true, webauthn:virtualAuthenticators: true}
Session ID: 959fb6a9098f8988cd89cc777c79aaee" type="org.openqa.selenium.WebDriverException">
      <![CDATA[org.openqa.selenium.WebDriverException: disconnected: not connected to DevTools
  (failed to check if window was closed: disconnected: not connected to DevTools)
  (Session info: chrome=121.0.6167.141)
Build info: version: '4.16.1', revision: '9b4c83354e'
System info: os.name: 'Windows 11', os.arch: 'amd64', os.version: '10.0', java.version: '17.0.8.1'
Driver info: org.openqa.selenium.chrome.ChromeDriver
Command: [959fb6a9098f8988cd89cc777c79aaee, getTitle {}]
Capabilities {acceptInsecureCerts: false, browserName: chrome, browserVersion: 121.0.6167.141, chrome: {chromedriverVersion: 121.0.6167.85 (3f98d690ad7e..., userDataDir: C:\Users\hp\AppData\Local\T...}, fedcm:accounts: true, goog:chromeOptions: {debuggerAddress: localhost:61995}, networkConnectionEnabled: false, pageLoadStrategy: normal, platformName: windows, proxy: Proxy(), se:cdp: ws://localhost:61995/devtoo..., se:cdpVersion: 121.0.6167.141, setWindowRect: true, strictFileInteractability: false, timeouts: {implicit: 0, pageLoad: 300000, script: 30000}, unhandledPromptBehavior: dismiss and notify, webauthn:extension:credBlob: true, webauthn:extension:largeBlob: true, webauthn:extension:minPinLength: true, webauthn:extension:prf: true, webauthn:virtualAuthenticators: true}
Session ID: 959fb6a9098f8988cd89cc777c79aaee
at java.base/jdk.internal.reflect.NativeConstructorAccessorImpl.newInstance0(Native Method)
at java.base/jdk.internal.reflect.NativeConstructorAccessorImpl.newInstance(NativeConstructorAccessorImpl.java:77)
at java.base/jdk.internal.reflect.DelegatingConstructorAccessorImpl.newInstance(DelegatingConstructorAccessorImpl.java:45)
at java.base/java.lang.reflect.Constructor.newInstanceWithCaller(Constructor.java:499)
at java.base/java.lang.reflect.Constructor.newInstance(Constructor.java:480)
at org.openqa.selenium.remote.codec.w3c.W3CHttpResponseCodec.createException(W3CHttpResponseCodec.java:200)
at org.openqa.selenium.remote.codec.w3c.W3CHttpResponseCodec.decode(W3CHttpResponseCodec.java:133)
at org.openqa.selenium.remote.codec.w3c.W3CHttpResponseCodec.decode(W3CHttpResponseCodec.java:52)
at org.openqa.selenium.remote.HttpCommandExecutor.execute(HttpCommandExecutor.java:191)
at org.openqa.selenium.remote.service.DriverCommandExecutor.invokeExecute(DriverCommandExecutor.java:200)
at org.openqa.selenium.remote.service.DriverCommandExecutor.execute(DriverCommandExecutor.java:175)
at org.openqa.selenium.remote.RemoteWebDriver.execute(RemoteWebDriver.java:523)
at org.openqa.selenium.remote.RemoteWebDriver.execute(RemoteWebDriver.java:596)
at org.openqa.selenium.remote.RemoteWebDriver.execute(RemoteWebDriver.java:600)
at org.openqa.selenium.remote.RemoteWebDriver.getTitle(RemoteWebDriver.java:310)
at callingAutomationExercise.CallingAutoExercise.verifyAutomationExerciseWebPage(CallingAutoExercise.java:57)
at java.base/jdk.internal.reflect.NativeMethodAccessorImpl.invoke0(Native Method)
at java.base/jdk.internal.reflect.NativeMethodAccessorImpl.invoke(NativeMethodAccessorImpl.java:77)
at java.base/jdk.internal.reflect.DelegatingMethodAccessorImpl.invoke(DelegatingMethodAccessorImpl.java:43)
at java.base/java.lang.reflect.Method.invoke(Method.java:568)
at org.testng.internal.invokers.MethodInvocationHelper.invokeMethod(MethodInvocationHelper.java:139)
at org.testng.internal.invokers.MethodInvocationHelper.invokeMethodConsideringTimeout(MethodInvocationHelper.java:69)
at org.testng.internal.invokers.ConfigInvoker.invokeConfigurationMethod(ConfigInvoker.java:390)
at org.testng.internal.invokers.ConfigInvoker.invokeConfigurations(ConfigInvoker.java:325)
at org.testng.internal.invokers.TestInvoker.runConfigMethods(TestInvoker.java:810)
at org.testng.internal.invokers.TestInvoker.invokeMethod(TestInvoker.java:577)
at org.testng.internal.invokers.TestInvoker.invokeTestMethod(TestInvoker.java:227)
at org.testng.internal.invokers.MethodRunner.runInSequence(MethodRunner.java:50)
at org.testng.internal.invokers.TestInvoker$MethodInvocationAgent.invoke(TestInvoker.java:957)
at org.testng.internal.invokers.TestInvoker.invokeTestMethods(TestInvoker.java:200)
at org.testng.internal.invokers.TestMethodWorker.invokeTestMethods(TestMethodWorker.java:148)
at org.testng.internal.invokers.TestMethodWorker.run(TestMethodWorker.java:128)
at java.base/java.util.ArrayList.forEach(ArrayList.java:1511)
at org.testng.TestRunner.privateRun(TestRunner.java:848)
at org.testng.TestRunner.run(TestRunner.java:621)
at org.testng.SuiteRunner.runTest(SuiteRunner.java:443)
at org.testng.SuiteRunner.runSequentially(SuiteRunner.java:437)
at org.testng.SuiteRunner.privateRun(SuiteRunner.java:397)
at org.testng.SuiteRunner.run(SuiteRunner.java:336)
at org.testng.SuiteRunnerWorker.runSuite(SuiteRunnerWorker.java:52)
at org.testng.SuiteRunnerWorker.run(SuiteRunnerWorker.java:95)
at org.testng.TestNG.runSuitesSequentially(TestNG.java:1280)
at org.testng.TestNG.runSuitesLocally(TestNG.java:1200)
at org.testng.TestNG.runSuites(TestNG.java:1114)
at org.testng.TestNG.run(TestNG.java:1082)
at org.testng.remote.AbstractRemoteTestNG.run(AbstractRemoteTestNG.java:115)
at org.testng.remote.RemoteTestNG.initAndRun(RemoteTestNG.java:251)
at org.testng.remote.RemoteTestNG.main(RemoteTestNG.java:77)
]]>
    </error>
  </testcase> <!-- verifyAutomationExerciseWebPage -->
  <testcase classname="callingAutomationExercise.CallingAutoExercise" name="verifyLoginValidUserTC2" time="0.000">
    <skipped/>
  </testcase> <!-- verifyLoginValidUserTC2 -->
  <testcase classname="callingAutomationExercise.CallingAutoExercise" name="verifyLoginInvalidUserTC3" time="0.000">
    <skipped/>
  </testcase> <!-- verifyLoginInvalidUserTC3 -->
  <testcase classname="callingAutomationExercise.CallingAutoExercise" name="verifyLogoutUserTC4" time="0.000">
    <skipped/>
  </testcase> <!-- verifyLogoutUserTC4 -->
  <testcase classname="callingAutomationExercise.CallingAutoExercise" name="verifyRegisterWithEmailTC5" time="0.000">
    <skipped/>
  </testcase> <!-- verifyRegisterWithEmailTC5 -->
  <testcase classname="callingAutomationExercise.CallingAutoExercise" name="verifyContactUsTC6" time="0.000">
    <skipped/>
  </testcase> <!-- verifyContactUsTC6 -->
  <testcase classname="callingAutomationExercise.CallingAutoExercise" name="verifyTestCasesTC7" time="0.000">
    <skipped/>
  </testcase> <!-- verifyTestCasesTC7 -->
  <testcase classname="callingAutomationExercise.CallingAutoExercise" name="verifyAllProductsTC8" time="0.000">
    <skipped/>
  </testcase> <!-- verifyAllProductsTC8 -->
  <testcase classname="callingAutomationExercise.CallingAutoExercise" name="verifySearchProductTC9" time="0.000">
    <skipped/>
  </testcase> <!-- verifySearchProductTC9 -->
  <testcase classname="callingAutomationExercise.CallingAutoExercise" name="verifyHomeSubscriptionTC10" time="0.000">
    <skipped/>
  </testcase> <!-- verifyHomeSubscriptionTC10 -->
  <testcase classname="callingAutomationExercise.CallingAutoExercise" name="verifyCartSubscriptionTC11" time="0.000">
    <skipped/>
  </testcase> <!-- verifyCartSubscriptionTC11 -->
  <testcase classname="callingAutomationExercise.CallingAutoExercise" name="verifyAddProductsTC12" time="0.000">
    <skipped/>
  </testcase> <!-- verifyAddProductsTC12 -->
  <testcase classname="callingAutomationExercise.CallingAutoExercise" name="verifyProductQuantityTC13" time="0.000">
    <skipped/>
  </testcase> <!-- verifyProductQuantityTC13 -->
  <testcase classname="callingAutomationExercise.CallingAutoExercise" name="verifyPlaceOrder1TC14" time="0.006">
    <skipped/>
  </testcase> <!-- verifyPlaceOrder1TC14 -->
  <testcase classname="callingAutomationExercise.CallingAutoExercise" name="verifyPlaceOrder2TC15" time="0.000">
    <skipped/>
  </testcase> <!-- verifyPlaceOrder2TC15 -->
  <testcase classname="callingAutomationExercise.CallingAutoExercise" name="verifyPlaceOrder3TC16" time="0.000">
    <skipped/>
  </testcase> <!-- verifyPlaceOrder3TC16 -->
  <testcase classname="callingAutomationExercise.CallingAutoExercise" name="verifyRemoveProductsTC17" time="0.000">
    <skipped/>
  </testcase> <!-- verifyRemoveProductsTC17 -->
  <testcase classname="callingAutomationExercise.CallingAutoExercise" name="verifyCategoryTC18" time="0.000">
    <skipped/>
  </testcase> <!-- verifyCategoryTC18 -->
  <testcase classname="callingAutomationExercise.CallingAutoExercise" name="verifyBrandTC19" time="0.000">
    <skipped/>
  </testcase> <!-- verifyBrandTC19 -->
  <testcase classname="callingAutomationExercise.CallingAutoExercise" name="verifyCartAfterLoginTC20" time="0.000">
    <skipped/>
  </testcase> <!-- verifyCartAfterLoginTC20 -->
  <testcase classname="callingAutomationExercise.CallingAutoExercise" name="verifyAddReviewTC21" time="0.000">
    <skipped/>
  </testcase> <!-- verifyAddReviewTC21 -->
  <testcase classname="callingAutomationExercise.CallingAutoExercise" name="verifyAddRecommendedItemsTC22" time="0.000">
    <skipped/>
  </testcase> <!-- verifyAddRecommendedItemsTC22 -->
  <testcase classname="callingAutomationExercise.CallingAutoExercise" name="verifyAddressDetailsTC23" time="0.000">
    <skipped/>
  </testcase> <!-- verifyAddressDetailsTC23 -->
  <testcase classname="callingAutomationExercise.CallingAutoExercise" name="verifyDownloadInvoiceTC24" time="0.000">
    <skipped/>
  </testcase> <!-- verifyDownloadInvoiceTC24 -->
  <testcase classname="callingAutomationExercise.CallingAutoExercise" name="verifyScrollUpUsingArrowTC25" time="0.000">
    <skipped/>
  </testcase> <!-- verifyScrollUpUsingArrowTC25 -->
  <testcase classname="callingAutomationExercise.CallingAutoExercise" name="verifyScrollUpWithoutArrowTC26" time="0.000">
    <skipped/>
  </testcase> <!-- verifyScrollUpWithoutArrowTC26 -->
</testsuite> <!-- callingAutomationExercise.CallingAutoExercise -->
